<?xml version="1.0" encoding="UTF-8"?>
<testng-results ignored="0" total="1" passed="1" failed="0" skipped="0">
  <reporter-output>
  </reporter-output>
  <suite started-at="2026-01-23T09:59:42 IST" name="Default suite" finished-at="2026-01-23T09:59:58 IST" duration-ms="15641">
    <groups>
      <group name="E2E">
        <method signature="LoginTest.LoginTestflow()[pri:0, instance:com.ui.tests.LoginTest@747ddf94]" name="LoginTestflow" class="com.ui.tests.LoginTest"/>
      </group> <!-- E2E -->
      <group name="Smoke">
        <method signature="LoginTest.LoginTestflow()[pri:0, instance:com.ui.tests.LoginTest@747ddf94]" name="LoginTestflow" class="com.ui.tests.LoginTest"/>
      </group> <!-- Smoke -->
    </groups>
    <test started-at="2026-01-23T09:59:42 IST" name="Default test" finished-at="2026-01-23T09:59:58 IST" duration-ms="15641">
      <class name="com.ui.tests.LoginTest">
        <test-method is-config="true" signature="setup()[pri:0, instance:com.ui.tests.LoginTest@747ddf94]" started-at="2026-01-23T09:59:42 IST" name="setup" description="Load the loginPage of website" finished-at="2026-01-23T09:59:53 IST" duration-ms="10883" status="PASS">
          <reporter-output>
          </reporter-output>
        </test-method> <!-- setup -->
        <test-method signature="LoginTestflow()[pri:0, instance:com.ui.tests.LoginTest@747ddf94]" started-at="2026-01-23T09:59:53 IST" name="LoginTestflow" description="verify login and enter user name and password" finished-at="2026-01-23T09:59:58 IST" duration-ms="4657" status="PASS">
          <reporter-output>
          </reporter-output>
        </test-method> <!-- LoginTestflow -->
      </class> <!-- com.ui.tests.LoginTest -->
    </test> <!-- Default test -->
  </suite> <!-- Default suite -->
</testng-results>
